# JRE version: OpenJDK Runtime Environment (21.0.1+12) (build 21.0.1+12-29)
# Java VM: OpenJDK 64-Bit Server VM (21.0.1+12-29, mixed mode, sharing, tiered, compressed oops, compressed class ptrs, g1 gc, bsd-amd64)
GC Precious Log:
 CardTable entry size: 512
 Card Set container configuration: InlinePtr #cards 4 size 8 Array Of Cards #cards 64 size 144 Howl #buckets 8 coarsen threshold 14745 Howl Bitmap #cards 2048 size 272 coarsen threshold 1843 Card regions per heap region 1 cards per card region 16384
 CPUs: 12 total, 12 available
 Memory: 65536M
 Large Page Support: Disabled
 NUMA Support: Disabled
 Compressed Oops: Enabled (Zero based)
 Heap Region Size: 8M
 Heap Min Capacity: 8M
 Heap Initial Capacity: 1G
 Heap Max Capacity: 16G
 Pre-touch: Disabled
 Parallel Workers: 10
 Concurrent Workers: 3
 Concurrent Refinement Workers: 10
 Periodic GC: Disabled
Heap:
 garbage-first heap   total 1056768K, used 170989K [0x0000000400000000, 0x0000000800000000)
  region size 8192K, 22 young (180224K), 1 survivors (8192K)
 Metaspace       used 15996K, committed 16256K, reserved 1114112K
  class space    used 1812K, committed 1920K, reserved 1048576K
GC Heap History (6 events):
Event: 13.808 GC heap before
{Heap before GC invocations=0 (full 0):
 garbage-first heap   total 1056768K, used 50188K [0x0000000400000000, 0x0000000800000000)
  region size 8192K, 6 young (49152K), 0 survivors (0K)
 Metaspace       used 15396K, committed 15744K, reserved 1114112K
  class space    used 1743K, committed 1920K, reserved 1048576K
}
Event: 13.812 GC heap after
{Heap after GC invocations=1 (full 0):
 garbage-first heap   total 1056768K, used 7207K [0x0000000400000000, 0x0000000800000000)
  region size 8192K, 1 young (8192K), 1 survivors (8192K)
 Metaspace       used 15396K, committed 15744K, reserved 1114112K
  class space    used 1743K, committed 1920K, reserved 1048576K
}
Event: 33.468 GC heap before
{Heap before GC invocations=1 (full 0):
 garbage-first heap   total 1056768K, used 48167K [0x0000000400000000, 0x0000000800000000)
  region size 8192K, 6 young (49152K), 1 survivors (8192K)
 Metaspace       used 15531K, committed 15872K, reserved 1114112K
  class space    used 1744K, committed 1920K, reserved 1048576K
}
Event: 33.473 GC heap after
{Heap after GC invocations=2 (full 0):
 garbage-first heap   total 1056768K, used 7828K [0x0000000400000000, 0x0000000800000000)
  region size 8192K, 1 young (8192K), 1 survivors (8192K)
 Metaspace       used 15531K, committed 15872K, reserved 1114112K
  class space    used 1744K, committed 1920K, reserved 1048576K
}
Event: 103.951 GC heap before
{Heap before GC invocations=2 (full 0):
 garbage-first heap   total 1056768K, used 114324K [0x0000000400000000, 0x0000000800000000)
  region size 8192K, 14 young (114688K), 1 survivors (8192K)
 Metaspace       used 15544K, committed 15872K, reserved 1114112K
  class space    used 1745K, committed 1920K, reserved 1048576K
}
Event: 103.951 GC heap after
{Heap after GC invocations=3 (full 0):
 garbage-first heap   total 1056768K, used 7149K [0x0000000400000000, 0x0000000800000000)
  region size 8192K, 1 young (8192K), 1 survivors (8192K)
 Metaspace       used 15544K, committed 15872K, reserved 1114112K
  class space    used 1745K, committed 1920K, reserved 1048576K
}

